0 info it worked if it ends with ok
1 verbose cli [ 'C:\\Program Files\\nodejs\\node.exe',
1 verbose cli   'C:\\Program Files\\nodejs\\node_modules\\npm\\bin\\npm-cli.js',
1 verbose cli   'start' ]
2 info using npm@3.10.10
3 info using node@v6.11.0
4 verbose run-script [ 'prestart', 'start', 'poststart' ]
5 info lifecycle nodejs@4.0.0~prestart: nodejs@4.0.0
6 silly lifecycle nodejs@4.0.0~prestart: no script for prestart, continuing
7 info lifecycle nodejs@4.0.0~start: nodejs@4.0.0
8 verbose lifecycle nodejs@4.0.0~start: unsafe-perm in lifecycle true
9 verbose lifecycle nodejs@4.0.0~start: PATH: C:\Program Files\nodejs\node_modules\npm\bin\node-gyp-bin;D:\Working\Java\nodejs\node_modules\.bin;C:\ProgramData\Oracle\Java\javapath;C:\Program Files (x86)\RSA SecurID Token Common;C:\Program Files\RSA SecurID Token Common;D:\app\hmhaong\product\11.2.0\dbhome_1\bin;C:\Program Files (x86)\Intel\iCLS Client\;C:\Program Files\Intel\iCLS Client\;C:\ORACLE\PRODUCT\11.2.0\CLIENT_1\BIN;C:\ORACLE\INSTANTCLIENT_11_2;C:\windows\SYSTEM32;C:\windows;C:\windows\SYSTEM32\WBEM;C:\PROGRAM FILES (X86)\JZIP;C:\PROGRAM FILES (X86)\ENTERPRISE VAULT\EVCLIENT\;C:\windows\SYSTEM32\WINDOWSPOWERSHELL\V1.0\;C:\windows\SYSTEM32\WINDOWSPOWERSHELL\V1.0\;C:\Program Files (x86)\Intel\Intel(R) Management Engine Components\DAL;C:\Program Files\Intel\Intel(R) Management Engine Components\DAL;C:\Program Files (x86)\Intel\Intel(R) Management Engine Components\IPT;C:\Program Files\Intel\Intel(R) Management Engine Components\IPT;C:\Program Files\OpenVPN\bin;C:\Program Files\SlikSvn\bin;D:\Tools\apache-maven-3.3.9\bin;C:\Program Files\Git\cmd;C:\Program Files (x86)\sbt\\bin;D:\Tools\gradle-3.1\bin;D:\Working\projects\webcollect\ebw\ebw\src\main\ld_library\eiger\3.1.0002\linux\64dm;C:\Go\bin;C:\Program Files\Java\jdk1.7.0_79\bin;D:\Tools\groovy-2.4.7\bin;C:\jython2.7.0\bin;C:\oracle\Middleware\weblogic-12.1.2.1\OPatch;C:\Program Files\TortoiseSVN\bin;C:\Program Files (x86)\Skype\Phone\;D:\Tools\apache-ant-1.10.1\bin;C:\Program Files\nodejs\;C:\Users\hmhaong\AppData\Local\Continuum\Anaconda3;C:\Users\hmhaong\AppData\Local\Continuum\Anaconda3\Scripts;C:\Users\hmhaong\AppData\Local\Continuum\Anaconda3\Library\bin;C:\Users\hmhaong\AppData\Local\Programs\Python\Python35-32\Scripts\;C:\Users\hmhaong\AppData\Local\Programs\Python\Python35-32\;D:\hmhaong\Application Data\npm
10 verbose lifecycle nodejs@4.0.0~start: CWD: D:\Working\Java\nodejs
11 silly lifecycle nodejs@4.0.0~start: Args: [ '/d /s /c', 'node server.js' ]
12 silly lifecycle nodejs@4.0.0~start: Returned: code: 1  signal: null
13 info lifecycle nodejs@4.0.0~start: Failed to exec start script
14 verbose stack Error: nodejs@4.0.0 start: `node server.js`
14 verbose stack Exit status 1
14 verbose stack     at EventEmitter.<anonymous> (C:\Program Files\nodejs\node_modules\npm\lib\utils\lifecycle.js:255:16)
14 verbose stack     at emitTwo (events.js:106:13)
14 verbose stack     at EventEmitter.emit (events.js:191:7)
14 verbose stack     at ChildProcess.<anonymous> (C:\Program Files\nodejs\node_modules\npm\lib\utils\spawn.js:40:14)
14 verbose stack     at emitTwo (events.js:106:13)
14 verbose stack     at ChildProcess.emit (events.js:191:7)
14 verbose stack     at maybeClose (internal/child_process.js:891:16)
14 verbose stack     at Process.ChildProcess._handle.onexit (internal/child_process.js:226:5)
15 verbose pkgid nodejs@4.0.0
16 verbose cwd D:\Working\Java\nodejs
17 error Windows_NT 6.1.7601
18 error argv "C:\\Program Files\\nodejs\\node.exe" "C:\\Program Files\\nodejs\\node_modules\\npm\\bin\\npm-cli.js" "start"
19 error node v6.11.0
20 error npm  v3.10.10
21 error code ELIFECYCLE
22 error nodejs@4.0.0 start: `node server.js`
22 error Exit status 1
23 error Failed at the nodejs@4.0.0 start script 'node server.js'.
23 error Make sure you have the latest version of node.js and npm installed.
23 error If you do, this is most likely a problem with the nodejs package,
23 error not with npm itself.
23 error Tell the author that this fails on your system:
23 error     node server.js
23 error You can get information on how to open an issue for this project with:
23 error     npm bugs nodejs
23 error Or if that isn't available, you can get their info via:
23 error     npm owner ls nodejs
23 error There is likely additional logging output above.
24 verbose exit [ 1, true ]
